{"/Users/trent.brown/Code/iterm-mcp/src/CommandExecutor.ts": {"path":"/Users/trent.brown/Code/iterm-mcp/src/CommandExecutor.ts","statementMap":{"0":{"start":{"line":16,"column":20},"end":{"line":16,"column":35}},"1":{"start":{"line":17,"column":14},"end":{"line":17,"column":77}},"2":{"start":{"line":17,"column":30},"end":{"line":17,"column":77}},"3":{"start":{"line":17,"column":53},"end":{"line":17,"column":76}},"4":{"start":{"line":24,"column":4},"end":{"line":24,"column":28}},"5":{"start":{"line":25,"column":4},"end":{"line":25,"column":59}},"6":{"start":{"line":41,"column":27},"end":{"line":41,"column":61}},"7":{"start":{"line":43,"column":4},"end":{"line":74,"column":5}},"8":{"start":{"line":45,"column":6},"end":{"line":52,"column":7}},"9":{"start":{"line":48,"column":8},"end":{"line":48,"column":171}},"10":{"start":{"line":51,"column":8},"end":{"line":51,"column":171}},"11":{"start":{"line":55,"column":6},"end":{"line":57,"column":7}},"12":{"start":{"line":56,"column":8},"end":{"line":56,"column":25}},"13":{"start":{"line":60,"column":22},"end":{"line":60,"column":50}},"14":{"start":{"line":61,"column":6},"end":{"line":63,"column":7}},"15":{"start":{"line":62,"column":8},"end":{"line":62,"column":25}},"16":{"start":{"line":66,"column":6},"end":{"line":66,"column":23}},"17":{"start":{"line":69,"column":24},"end":{"line":69,"column":58}},"18":{"start":{"line":70,"column":33},"end":{"line":70,"column":65}},"19":{"start":{"line":71,"column":6},"end":{"line":71,"column":null}},"20":{"start":{"line":73,"column":6},"end":{"line":73,"column":80}},"21":{"start":{"line":79,"column":4},"end":{"line":111,"column":5}},"22":{"start":{"line":81,"column":6},"end":{"line":81,"column":34}},"23":{"start":{"line":82,"column":22},"end":{"line":82,"column":42}},"24":{"start":{"line":83,"column":31},"end":{"line":83,"column":32}},"25":{"start":{"line":85,"column":6},"end":{"line":103,"column":7}},"26":{"start":{"line":86,"column":8},"end":{"line":100,"column":9}},"27":{"start":{"line":87,"column":32},"end":{"line":87,"column":71}},"28":{"start":{"line":89,"column":10},"end":{"line":89,"column":42}},"29":{"start":{"line":89,"column":30},"end":{"line":89,"column":42}},"30":{"start":{"line":91,"column":10},"end":{"line":96,"column":11}},"31":{"start":{"line":92,"column":12},"end":{"line":92,"column":38}},"32":{"start":{"line":93,"column":12},"end":{"line":93,"column":56}},"33":{"start":{"line":93,"column":44},"end":{"line":93,"column":56}},"34":{"start":{"line":95,"column":12},"end":{"line":95,"column":35}},"35":{"start":{"line":99,"column":10},"end":{"line":99,"column":22}},"36":{"start":{"line":102,"column":8},"end":{"line":102,"column":25}},"37":{"start":{"line":105,"column":6},"end":{"line":105,"column":18}},"38":{"start":{"line":107,"column":6},"end":{"line":109,"column":7}},"39":{"start":{"line":108,"column":8},"end":{"line":108,"column":22}},"40":{"start":{"line":110,"column":6},"end":{"line":110,"column":18}},"41":{"start":{"line":127,"column":4},"end":{"line":131,"column":5}},"42":{"start":{"line":130,"column":6},"end":{"line":130,"column":47}},"43":{"start":{"line":134,"column":4},"end":{"line":134,"column":37}},"44":{"start":{"line":137,"column":4},"end":{"line":137,"column":35}},"45":{"start":{"line":140,"column":4},"end":{"line":140,"column":37}},"46":{"start":{"line":143,"column":4},"end":{"line":145,"column":7}},"47":{"start":{"line":144,"column":6},"end":{"line":144,"column":70}},"48":{"start":{"line":147,"column":4},"end":{"line":147,"column":15}},"49":{"start":{"line":164,"column":18},"end":{"line":164,"column":33}},"50":{"start":{"line":167,"column":28},"end":{"line":167,"column":78}},"51":{"start":{"line":169,"column":4},"end":{"line":173,"column":5}},"52":{"start":{"line":169,"column":17},"end":{"line":169,"column":18}},"53":{"start":{"line":172,"column":6},"end":{"line":172,"column":90}},"54":{"start":{"line":175,"column":4},"end":{"line":175,"column":29}},"55":{"start":{"line":192,"column":4},"end":{"line":195,"column":29}},"56":{"start":{"line":199,"column":4},"end":{"line":204,"column":5}},"57":{"start":{"line":200,"column":25},"end":{"line":200,"column":164}},"58":{"start":{"line":201,"column":6},"end":{"line":201,"column":27}},"59":{"start":{"line":203,"column":6},"end":{"line":203,"column":82}},"60":{"start":{"line":208,"column":4},"end":{"line":213,"column":5}},"61":{"start":{"line":209,"column":25},"end":{"line":209,"column":174}},"62":{"start":{"line":210,"column":6},"end":{"line":210,"column":38}},"63":{"start":{"line":212,"column":6},"end":{"line":212,"column":88}}},"fnMap":{"0":{"name":"(anonymous_0)","decl":{"start":{"line":17,"column":14},"end":{"line":17,"column":15}},"loc":{"start":{"line":17,"column":30},"end":{"line":17,"column":77}}},"1":{"name":"(anonymous_1)","decl":{"start":{"line":17,"column":42},"end":{"line":17,"column":49}},"loc":{"start":{"line":17,"column":53},"end":{"line":17,"column":76}}},"2":{"name":"(anonymous_2)","decl":{"start":{"line":23,"column":2},"end":{"line":23,"column":14}},"loc":{"start":{"line":23,"column":82},"end":{"line":26,"column":3}}},"3":{"name":"(anonymous_3)","decl":{"start":{"line":40,"column":2},"end":{"line":40,"column":7}},"loc":{"start":{"line":40,"column":38},"end":{"line":75,"column":3}}},"4":{"name":"(anonymous_4)","decl":{"start":{"line":77,"column":2},"end":{"line":77,"column":7}},"loc":{"start":{"line":77,"column":45},"end":{"line":112,"column":3}}},"5":{"name":"(anonymous_5)","decl":{"start":{"line":125,"column":10},"end":{"line":125,"column":30}},"loc":{"start":{"line":125,"column":42},"end":{"line":148,"column":3}}},"6":{"name":"(anonymous_6)","decl":{"start":{"line":143,"column":39},"end":{"line":143,"column":40}},"loc":{"start":{"line":143,"column":48},"end":{"line":145,"column":5}}},"7":{"name":"(anonymous_7)","decl":{"start":{"line":162,"column":10},"end":{"line":162,"column":33}},"loc":{"start":{"line":162,"column":45},"end":{"line":176,"column":3}}},"8":{"name":"(anonymous_8)","decl":{"start":{"line":190,"column":10},"end":{"line":190,"column":33}},"loc":{"start":{"line":190,"column":45},"end":{"line":196,"column":3}}},"9":{"name":"(anonymous_9)","decl":{"start":{"line":198,"column":10},"end":{"line":198,"column":15}},"loc":{"start":{"line":198,"column":31},"end":{"line":205,"column":3}}},"10":{"name":"(anonymous_10)","decl":{"start":{"line":207,"column":10},"end":{"line":207,"column":15}},"loc":{"start":{"line":207,"column":28},"end":{"line":214,"column":3}}}},"branchMap":{"0":{"loc":{"start":{"line":23,"column":14},"end":{"line":23,"column":40}},"type":"default-arg","locations":[{"start":{"line":23,"column":32},"end":{"line":23,"column":40}}]},"1":{"loc":{"start":{"line":25,"column":24},"end":{"line":25,"column":58}},"type":"binary-expr","locations":[{"start":{"line":25,"column":24},"end":{"line":25,"column":43}},{"start":{"line":25,"column":47},"end":{"line":25,"column":58}}]},"2":{"loc":{"start":{"line":45,"column":6},"end":{"line":52,"column":7}},"type":"if","locations":[{"start":{"line":45,"column":6},"end":{"line":52,"column":7}},{"start":{"line":49,"column":13},"end":{"line":52,"column":7}}]},"3":{"loc":{"start":{"line":89,"column":10},"end":{"line":89,"column":42}},"type":"if","locations":[{"start":{"line":89,"column":10},"end":{"line":89,"column":42}}]},"4":{"loc":{"start":{"line":91,"column":10},"end":{"line":96,"column":11}},"type":"if","locations":[{"start":{"line":91,"column":10},"end":{"line":96,"column":11}},{"start":{"line":94,"column":17},"end":{"line":96,"column":11}}]},"5":{"loc":{"start":{"line":93,"column":12},"end":{"line":93,"column":56}},"type":"if","locations":[{"start":{"line":93,"column":12},"end":{"line":93,"column":56}}]},"6":{"loc":{"start":{"line":107,"column":6},"end":{"line":109,"column":7}},"type":"if","locations":[{"start":{"line":107,"column":6},"end":{"line":109,"column":7}}]},"7":{"loc":{"start":{"line":127,"column":4},"end":{"line":131,"column":5}},"type":"if","locations":[{"start":{"line":127,"column":4},"end":{"line":131,"column":5}}]}},"s":{"0":1,"1":1,"2":1,"3":1,"4":1,"5":1,"6":1,"7":1,"8":1,"9":0,"10":1,"11":1,"12":0,"13":1,"14":1,"15":0,"16":1,"17":1,"18":1,"19":1,"20":0,"21":1,"22":1,"23":0,"24":0,"25":0,"26":0,"27":0,"28":0,"29":0,"30":0,"31":0,"32":0,"33":0,"34":0,"35":0,"36":0,"37":1,"38":1,"39":0,"40":1,"41":1,"42":0,"43":1,"44":1,"45":1,"46":1,"47":0,"48":1,"49":0,"50":0,"51":0,"52":0,"53":0,"54":0,"55":0,"56":1,"57":1,"58":1,"59":0,"60":1,"61":1,"62":1,"63":0},"f":{"0":1,"1":1,"2":1,"3":1,"4":1,"5":1,"6":0,"7":0,"8":0,"9":1,"10":1},"b":{"0":[0],"1":[1,0],"2":[0,1],"3":[0],"4":[0,0],"5":[0],"6":[0],"7":[0]}}
,"/Users/trent.brown/Code/iterm-mcp/src/ProcessTracker.ts": {"path":"/Users/trent.brown/Code/iterm-mcp/src/ProcessTracker.ts","statementMap":{"0":{"start":{"line":6,"column":18},"end":{"line":6,"column":33}},"1":{"start":{"line":46,"column":32},"end":{"line":46,"column":85}},"2":{"start":{"line":47,"column":31},"end":{"line":50,"column":4}},"3":{"start":{"line":56,"column":4},"end":{"line":101,"column":5}},"4":{"start":{"line":57,"column":6},"end":{"line":59,"column":7}},"5":{"start":{"line":58,"column":8},"end":{"line":58,"column":63}},"6":{"start":{"line":61,"column":22},"end":{"line":61,"column":39}},"7":{"start":{"line":62,"column":24},"end":{"line":62,"column":62}},"8":{"start":{"line":64,"column":6},"end":{"line":66,"column":7}},"9":{"start":{"line":65,"column":8},"end":{"line":65,"column":20}},"10":{"start":{"line":68,"column":21},"end":{"line":68,"column":66}},"11":{"start":{"line":69,"column":6},"end":{"line":71,"column":7}},"12":{"start":{"line":70,"column":8},"end":{"line":70,"column":20}},"13":{"start":{"line":74,"column":26},"end":{"line":74,"column":66}},"14":{"start":{"line":74,"column":48},"end":{"line":74,"column":65}},"15":{"start":{"line":75,"column":6},"end":{"line":77,"column":7}},"16":{"start":{"line":76,"column":8},"end":{"line":76,"column":20}},"17":{"start":{"line":79,"column":28},"end":{"line":79,"column":72}},"18":{"start":{"line":80,"column":27},"end":{"line":80,"column":75}},"19":{"start":{"line":81,"column":50},"end":{"line":81,"column":98}},"20":{"start":{"line":84,"column":22},"end":{"line":84,"column":76}},"21":{"start":{"line":86,"column":6},"end":{"line":97,"column":8}},"22":{"start":{"line":100,"column":6},"end":{"line":100,"column":18}},"23":{"start":{"line":108,"column":4},"end":{"line":155,"column":5}},"24":{"start":{"line":110,"column":25},"end":{"line":111,"column":null}},"25":{"start":{"line":114,"column":20},"end":{"line":114,"column":45}},"26":{"start":{"line":115,"column":6},"end":{"line":117,"column":7}},"27":{"start":{"line":116,"column":8},"end":{"line":116,"column":18}},"28":{"start":{"line":119,"column":39},"end":{"line":119,"column":41}},"29":{"start":{"line":120,"column":56},"end":{"line":120,"column":58}},"30":{"start":{"line":123,"column":6},"end":{"line":141,"column":7}},"31":{"start":{"line":124,"column":22},"end":{"line":124,"column":46}},"32":{"start":{"line":125,"column":8},"end":{"line":140,"column":9}},"33":{"start":{"line":126,"column":39},"end":{"line":137,"column":12}},"34":{"start":{"line":138,"column":10},"end":{"line":138,"column":34}},"35":{"start":{"line":139,"column":10},"end":{"line":139,"column":46}},"36":{"start":{"line":144,"column":6},"end":{"line":149,"column":7}},"37":{"start":{"line":145,"column":23},"end":{"line":145,"column":49}},"38":{"start":{"line":146,"column":8},"end":{"line":148,"column":9}},"39":{"start":{"line":147,"column":10},"end":{"line":147,"column":40}},"40":{"start":{"line":151,"column":6},"end":{"line":151,"column":23}},"41":{"start":{"line":153,"column":6},"end":{"line":153,"column":55}},"42":{"start":{"line":154,"column":6},"end":{"line":154,"column":16}},"43":{"start":{"line":162,"column":4},"end":{"line":169,"column":5}},"44":{"start":{"line":163,"column":25},"end":{"line":164,"column":null}},"45":{"start":{"line":166,"column":6},"end":{"line":166,"column":27}},"46":{"start":{"line":168,"column":6},"end":{"line":168,"column":18}},"47":{"start":{"line":179,"column":16},"end":{"line":179,"column":45}},"48":{"start":{"line":180,"column":21},"end":{"line":180,"column":37}},"49":{"start":{"line":181,"column":17},"end":{"line":181,"column":67}},"50":{"start":{"line":184,"column":4},"end":{"line":197,"column":5}},"51":{"start":{"line":186,"column":23},"end":{"line":186,"column":51}},"52":{"start":{"line":187,"column":27},"end":{"line":187,"column":82}},"53":{"start":{"line":189,"column":26},"end":{"line":189,"column":41}},"54":{"start":{"line":190,"column":23},"end":{"line":190,"column":53}},"55":{"start":{"line":191,"column":22},"end":{"line":191,"column":54}},"56":{"start":{"line":193,"column":6},"end":{"line":196,"column":8}},"57":{"start":{"line":200,"column":4},"end":{"line":212,"column":5}},"58":{"start":{"line":201,"column":46},"end":{"line":207,"column":8}},"59":{"start":{"line":209,"column":6},"end":{"line":211,"column":8}},"60":{"start":{"line":215,"column":4},"end":{"line":219,"column":5}},"61":{"start":{"line":216,"column":6},"end":{"line":218,"column":8}},"62":{"start":{"line":221,"column":4},"end":{"line":221,"column":14}},"63":{"start":{"line":228,"column":4},"end":{"line":232,"column":21}},"64":{"start":{"line":229,"column":24},"end":{"line":229,"column":56}},"65":{"start":{"line":230,"column":27},"end":{"line":230,"column":62}},"66":{"start":{"line":231,"column":6},"end":{"line":231,"column":55}},"67":{"start":{"line":239,"column":20},"end":{"line":239,"column":56}},"68":{"start":{"line":240,"column":16},"end":{"line":240,"column":45}},"69":{"start":{"line":242,"column":16},"end":{"line":242,"column":17}},"70":{"start":{"line":246,"column":4},"end":{"line":246,"column":71}},"71":{"start":{"line":250,"column":4},"end":{"line":250,"column":50}},"72":{"start":{"line":254,"column":4},"end":{"line":256,"column":5}},"73":{"start":{"line":255,"column":6},"end":{"line":255,"column":17}},"74":{"start":{"line":260,"column":4},"end":{"line":262,"column":5}},"75":{"start":{"line":261,"column":6},"end":{"line":261,"column":17}},"76":{"start":{"line":267,"column":4},"end":{"line":270,"column":5}},"77":{"start":{"line":269,"column":6},"end":{"line":269,"column":17}},"78":{"start":{"line":272,"column":4},"end":{"line":272,"column":17}},"79":{"start":{"line":279,"column":4},"end":{"line":279,"column":45}},"80":{"start":{"line":289,"column":54},"end":{"line":289,"column":56}},"81":{"start":{"line":290,"column":4},"end":{"line":292,"column":5}},"82":{"start":{"line":291,"column":6},"end":{"line":291,"column":30}},"83":{"start":{"line":294,"column":28},"end":{"line":294,"column":30}},"84":{"start":{"line":295,"column":43},"end":{"line":295,"column":50}},"85":{"start":{"line":296,"column":27},"end":{"line":296,"column":29}},"86":{"start":{"line":298,"column":4},"end":{"line":311,"column":5}},"87":{"start":{"line":299,"column":19},"end":{"line":299,"column":55}},"88":{"start":{"line":302,"column":6},"end":{"line":308,"column":7}},"89":{"start":{"line":303,"column":8},"end":{"line":303,"column":36}},"90":{"start":{"line":304,"column":13},"end":{"line":308,"column":7}},"91":{"start":{"line":305,"column":8},"end":{"line":305,"column":81}},"92":{"start":{"line":307,"column":8},"end":{"line":307,"column":25}},"93":{"start":{"line":310,"column":6},"end":{"line":310,"column":43}},"94":{"start":{"line":313,"column":4},"end":{"line":313,"column":40}},"95":{"start":{"line":324,"column":24},"end":{"line":324,"column":69}},"96":{"start":{"line":325,"column":32},"end":{"line":325,"column":57}},"97":{"start":{"line":328,"column":26},"end":{"line":328,"column":27}},"98":{"start":{"line":329,"column":24},"end":{"line":329,"column":25}},"99":{"start":{"line":330,"column":65},"end":{"line":330,"column":67}},"100":{"start":{"line":332,"column":4},"end":{"line":348,"column":5}},"101":{"start":{"line":333,"column":25},"end":{"line":333,"column":40}},"102":{"start":{"line":334,"column":23},"end":{"line":334,"column":58}},"103":{"start":{"line":336,"column":6},"end":{"line":336,"column":36}},"104":{"start":{"line":337,"column":6},"end":{"line":337,"column":32}},"105":{"start":{"line":340,"column":6},"end":{"line":347,"column":7}},"106":{"start":{"line":341,"column":8},"end":{"line":346,"column":11}},"107":{"start":{"line":351,"column":4},"end":{"line":351,"column":65}},"108":{"start":{"line":351,"column":36},"end":{"line":351,"column":63}},"109":{"start":{"line":353,"column":4},"end":{"line":357,"column":6}},"110":{"start":{"line":367,"column":39},"end":{"line":367,"column":41}},"111":{"start":{"line":368,"column":54},"end":{"line":368,"column":56}},"112":{"start":{"line":371,"column":4},"end":{"line":373,"column":5}},"113":{"start":{"line":372,"column":6},"end":{"line":372,"column":30}},"114":{"start":{"line":376,"column":20},"end":{"line":382,"column":5}},"115":{"start":{"line":377,"column":23},"end":{"line":377,"column":68}},"116":{"start":{"line":377,"column":48},"end":{"line":377,"column":67}},"117":{"start":{"line":378,"column":6},"end":{"line":381,"column":7}},"118":{"start":{"line":379,"column":8},"end":{"line":379,"column":32}},"119":{"start":{"line":380,"column":8},"end":{"line":380,"column":23}},"120":{"start":{"line":384,"column":4},"end":{"line":384,"column":21}},"121":{"start":{"line":385,"column":4},"end":{"line":385,"column":23}},"122":{"start":{"line":392,"column":15},"end":{"line":392,"column":35}},"123":{"start":{"line":393,"column":4},"end":{"line":393,"column":21}},"124":{"start":{"line":399,"column":18},"end":{"line":399,"column":38}},"125":{"start":{"line":400,"column":18},"end":{"line":400,"column":32}},"126":{"start":{"line":402,"column":18},"end":{"line":402,"column":57}},"127":{"start":{"line":404,"column":2},"end":{"line":427,"column":3}},"128":{"start":{"line":405,"column":4},"end":{"line":405,"column":35}},"129":{"start":{"line":406,"column":4},"end":{"line":406,"column":43}},"130":{"start":{"line":407,"column":4},"end":{"line":407,"column":49}},"131":{"start":{"line":408,"column":4},"end":{"line":408,"column":60}},"132":{"start":{"line":409,"column":4},"end":{"line":411,"column":5}},"133":{"start":{"line":410,"column":6},"end":{"line":410,"column":59}},"134":{"start":{"line":413,"column":4},"end":{"line":413,"column":37}},"135":{"start":{"line":414,"column":4},"end":{"line":414,"column":79}},"136":{"start":{"line":415,"column":4},"end":{"line":415,"column":82}},"137":{"start":{"line":417,"column":4},"end":{"line":424,"column":5}},"138":{"start":{"line":418,"column":6},"end":{"line":418,"column":42}},"139":{"start":{"line":419,"column":6},"end":{"line":423,"column":7}},"140":{"start":{"line":420,"column":8},"end":{"line":420,"column":53}},"141":{"start":{"line":421,"column":8},"end":{"line":421,"column":63}},"142":{"start":{"line":422,"column":8},"end":{"line":422,"column":53}},"143":{"start":{"line":426,"column":4},"end":{"line":426,"column":43}}},"fnMap":{"0":{"name":"(anonymous_0)","decl":{"start":{"line":55,"column":2},"end":{"line":55,"column":7}},"loc":{"start":{"line":55,"column":40},"end":{"line":102,"column":3}}},"1":{"name":"(anonymous_1)","decl":{"start":{"line":74,"column":43},"end":{"line":74,"column":44}},"loc":{"start":{"line":74,"column":48},"end":{"line":74,"column":65}}},"2":{"name":"(anonymous_2)","decl":{"start":{"line":107,"column":10},"end":{"line":107,"column":15}},"loc":{"start":{"line":107,"column":50},"end":{"line":156,"column":3}}},"3":{"name":"(anonymous_3)","decl":{"start":{"line":161,"column":10},"end":{"line":161,"column":15}},"loc":{"start":{"line":161,"column":57},"end":{"line":170,"column":3}}},"4":{"name":"(anonymous_4)","decl":{"start":{"line":175,"column":10},"end":{"line":175,"column":27}},"loc":{"start":{"line":177,"column":31},"end":{"line":222,"column":3}}},"5":{"name":"(anonymous_5)","decl":{"start":{"line":227,"column":10},"end":{"line":227,"column":36}},"loc":{"start":{"line":227,"column":61},"end":{"line":233,"column":3}}},"6":{"name":"(anonymous_6)","decl":{"start":{"line":228,"column":28},"end":{"line":228,"column":29}},"loc":{"start":{"line":228,"column":46},"end":{"line":232,"column":5}}},"7":{"name":"(anonymous_7)","decl":{"start":{"line":238,"column":10},"end":{"line":238,"column":31}},"loc":{"start":{"line":238,"column":52},"end":{"line":273,"column":3}}},"8":{"name":"(anonymous_8)","decl":{"start":{"line":278,"column":10},"end":{"line":278,"column":24}},"loc":{"start":{"line":278,"column":40},"end":{"line":280,"column":3}}},"9":{"name":"(anonymous_9)","decl":{"start":{"line":285,"column":10},"end":{"line":285,"column":27}},"loc":{"start":{"line":287,"column":31},"end":{"line":314,"column":3}}},"10":{"name":"(anonymous_10)","decl":{"start":{"line":319,"column":10},"end":{"line":319,"column":33}},"loc":{"start":{"line":321,"column":31},"end":{"line":358,"column":3}}},"11":{"name":"(anonymous_11)","decl":{"start":{"line":351,"column":26},"end":{"line":351,"column":27}},"loc":{"start":{"line":351,"column":36},"end":{"line":351,"column":63}}},"12":{"name":"(anonymous_12)","decl":{"start":{"line":363,"column":10},"end":{"line":363,"column":27}},"loc":{"start":{"line":365,"column":31},"end":{"line":386,"column":3}}},"13":{"name":"(anonymous_13)","decl":{"start":{"line":376,"column":20},"end":{"line":376,"column":21}},"loc":{"start":{"line":376,"column":42},"end":{"line":382,"column":5}}},"14":{"name":"(anonymous_14)","decl":{"start":{"line":377,"column":43},"end":{"line":377,"column":44}},"loc":{"start":{"line":377,"column":48},"end":{"line":377,"column":67}}},"15":{"name":"(anonymous_15)","decl":{"start":{"line":391,"column":10},"end":{"line":391,"column":27}},"loc":{"start":{"line":391,"column":42},"end":{"line":394,"column":3}}},"16":{"name":"main","decl":{"start":{"line":398,"column":15},"end":{"line":398,"column":19}},"loc":{"start":{"line":398,"column":19},"end":{"line":428,"column":1}}}},"branchMap":{"0":{"loc":{"start":{"line":57,"column":6},"end":{"line":59,"column":7}},"type":"if","locations":[{"start":{"line":57,"column":6},"end":{"line":59,"column":7}}]},"1":{"loc":{"start":{"line":64,"column":6},"end":{"line":66,"column":7}},"type":"if","locations":[{"start":{"line":64,"column":6},"end":{"line":66,"column":7}}]},"2":{"loc":{"start":{"line":69,"column":6},"end":{"line":71,"column":7}},"type":"if","locations":[{"start":{"line":69,"column":6},"end":{"line":71,"column":7}}]},"3":{"loc":{"start":{"line":75,"column":6},"end":{"line":77,"column":7}},"type":"if","locations":[{"start":{"line":75,"column":6},"end":{"line":77,"column":7}}]},"4":{"loc":{"start":{"line":115,"column":6},"end":{"line":117,"column":7}},"type":"if","locations":[{"start":{"line":115,"column":6},"end":{"line":117,"column":7}}]},"5":{"loc":{"start":{"line":125,"column":8},"end":{"line":140,"column":9}},"type":"if","locations":[{"start":{"line":125,"column":8},"end":{"line":140,"column":9}}]},"6":{"loc":{"start":{"line":146,"column":8},"end":{"line":148,"column":9}},"type":"if","locations":[{"start":{"line":146,"column":8},"end":{"line":148,"column":9}}]},"7":{"loc":{"start":{"line":184,"column":4},"end":{"line":197,"column":5}},"type":"if","locations":[{"start":{"line":184,"column":4},"end":{"line":197,"column":5}}]},"8":{"loc":{"start":{"line":184,"column":8},"end":{"line":184,"column":90}},"type":"binary-expr","locations":[{"start":{"line":184,"column":8},"end":{"line":184,"column":37}},{"start":{"line":184,"column":42},"end":{"line":184,"column":57}},{"start":{"line":184,"column":61},"end":{"line":184,"column":89}}]},"9":{"loc":{"start":{"line":190,"column":23},"end":{"line":190,"column":53}},"type":"binary-expr","locations":[{"start":{"line":190,"column":23},"end":{"line":190,"column":36}},{"start":{"line":190,"column":40},"end":{"line":190,"column":53}}]},"10":{"loc":{"start":{"line":191,"column":22},"end":{"line":191,"column":54}},"type":"binary-expr","locations":[{"start":{"line":191,"column":22},"end":{"line":191,"column":39}},{"start":{"line":191,"column":43},"end":{"line":191,"column":54}}]},"11":{"loc":{"start":{"line":200,"column":4},"end":{"line":212,"column":5}},"type":"if","locations":[{"start":{"line":200,"column":4},"end":{"line":212,"column":5}}]},"12":{"loc":{"start":{"line":210,"column":21},"end":{"line":210,"column":66}},"type":"binary-expr","locations":[{"start":{"line":210,"column":21},"end":{"line":210,"column":34}},{"start":{"line":210,"column":38},"end":{"line":210,"column":66}}]},"13":{"loc":{"start":{"line":215,"column":4},"end":{"line":219,"column":5}},"type":"if","locations":[{"start":{"line":215,"column":4},"end":{"line":219,"column":5}}]},"14":{"loc":{"start":{"line":215,"column":8},"end":{"line":215,"column":78}},"type":"binary-expr","locations":[{"start":{"line":215,"column":8},"end":{"line":215,"column":23}},{"start":{"line":215,"column":27},"end":{"line":215,"column":41}},{"start":{"line":215,"column":45},"end":{"line":215,"column":60}},{"start":{"line":215,"column":64},"end":{"line":215,"column":78}}]},"15":{"loc":{"start":{"line":231,"column":13},"end":{"line":231,"column":54}},"type":"cond-expr","locations":[{"start":{"line":231,"column":40},"end":{"line":231,"column":47}},{"start":{"line":231,"column":50},"end":{"line":231,"column":54}}]},"16":{"loc":{"start":{"line":246,"column":13},"end":{"line":246,"column":70}},"type":"cond-expr","locations":[{"start":{"line":246,"column":37},"end":{"line":246,"column":38}},{"start":{"line":246,"column":41},"end":{"line":246,"column":70}}]},"17":{"loc":{"start":{"line":246,"column":41},"end":{"line":246,"column":70}},"type":"cond-expr","locations":[{"start":{"line":246,"column":65},"end":{"line":246,"column":66}},{"start":{"line":246,"column":69},"end":{"line":246,"column":70}}]},"18":{"loc":{"start":{"line":254,"column":4},"end":{"line":256,"column":5}},"type":"if","locations":[{"start":{"line":254,"column":4},"end":{"line":256,"column":5}}]},"19":{"loc":{"start":{"line":260,"column":4},"end":{"line":262,"column":5}},"type":"if","locations":[{"start":{"line":260,"column":4},"end":{"line":262,"column":5}}]},"20":{"loc":{"start":{"line":267,"column":4},"end":{"line":270,"column":5}},"type":"if","locations":[{"start":{"line":267,"column":4},"end":{"line":270,"column":5}}]},"21":{"loc":{"start":{"line":267,"column":8},"end":{"line":268,"column":30}},"type":"binary-expr","locations":[{"start":{"line":267,"column":9},"end":{"line":267,"column":27}},{"start":{"line":267,"column":31},"end":{"line":267,"column":48}},{"start":{"line":267,"column":52},"end":{"line":267,"column":70}},{"start":{"line":268,"column":8},"end":{"line":268,"column":30}}]},"22":{"loc":{"start":{"line":298,"column":11},"end":{"line":298,"column":51}},"type":"binary-expr","locations":[{"start":{"line":298,"column":11},"end":{"line":298,"column":18}},{"start":{"line":298,"column":22},"end":{"line":298,"column":51}}]},"23":{"loc":{"start":{"line":302,"column":6},"end":{"line":308,"column":7}},"type":"if","locations":[{"start":{"line":302,"column":6},"end":{"line":308,"column":7}},{"start":{"line":304,"column":13},"end":{"line":308,"column":7}}]},"24":{"loc":{"start":{"line":302,"column":10},"end":{"line":302,"column":70}},"type":"binary-expr","locations":[{"start":{"line":302,"column":10},"end":{"line":302,"column":25}},{"start":{"line":302,"column":29},"end":{"line":302,"column":70}}]},"25":{"loc":{"start":{"line":304,"column":13},"end":{"line":308,"column":7}},"type":"if","locations":[{"start":{"line":304,"column":13},"end":{"line":308,"column":7}},{"start":{"line":306,"column":13},"end":{"line":308,"column":7}}]},"26":{"loc":{"start":{"line":304,"column":17},"end":{"line":304,"column":71}},"type":"binary-expr","locations":[{"start":{"line":304,"column":17},"end":{"line":304,"column":32}},{"start":{"line":304,"column":36},"end":{"line":304,"column":71}}]},"27":{"loc":{"start":{"line":340,"column":6},"end":{"line":347,"column":7}},"type":"if","locations":[{"start":{"line":340,"column":6},"end":{"line":347,"column":7}}]},"28":{"loc":{"start":{"line":340,"column":10},"end":{"line":340,"column":42}},"type":"binary-expr","locations":[{"start":{"line":340,"column":10},"end":{"line":340,"column":26}},{"start":{"line":340,"column":30},"end":{"line":340,"column":42}}]},"29":{"loc":{"start":{"line":404,"column":2},"end":{"line":427,"column":3}},"type":"if","locations":[{"start":{"line":404,"column":2},"end":{"line":427,"column":3}},{"start":{"line":425,"column":9},"end":{"line":427,"column":3}}]},"30":{"loc":{"start":{"line":409,"column":4},"end":{"line":411,"column":5}},"type":"if","locations":[{"start":{"line":409,"column":4},"end":{"line":411,"column":5}}]},"31":{"loc":{"start":{"line":417,"column":4},"end":{"line":424,"column":5}},"type":"if","locations":[{"start":{"line":417,"column":4},"end":{"line":424,"column":5}}]}},"s":{"0":2,"1":2,"2":2,"3":1,"4":1,"5":1,"6":0,"7":0,"8":0,"9":0,"10":0,"11":0,"12":0,"13":0,"14":0,"15":0,"16":0,"17":0,"18":0,"19":0,"20":0,"21":0,"22":1,"23":0,"24":0,"25":0,"26":0,"27":0,"28":0,"29":0,"30":0,"31":0,"32":0,"33":0,"34":0,"35":0,"36":0,"37":0,"38":0,"39":0,"40":0,"41":0,"42":0,"43":0,"44":0,"45":0,"46":0,"47":0,"48":0,"49":0,"50":0,"51":0,"52":0,"53":0,"54":0,"55":0,"56":0,"57":0,"58":0,"59":0,"60":0,"61":0,"62":0,"63":0,"64":0,"65":0,"66":0,"67":0,"68":0,"69":0,"70":0,"71":0,"72":0,"73":0,"74":0,"75":0,"76":0,"77":0,"78":0,"79":0,"80":0,"81":0,"82":0,"83":0,"84":0,"85":0,"86":0,"87":0,"88":0,"89":0,"90":0,"91":0,"92":0,"93":0,"94":0,"95":0,"96":0,"97":0,"98":0,"99":0,"100":0,"101":0,"102":0,"103":0,"104":0,"105":0,"106":0,"107":0,"108":0,"109":0,"110":0,"111":0,"112":0,"113":0,"114":0,"115":0,"116":0,"117":0,"118":0,"119":0,"120":0,"121":0,"122":0,"123":0,"124":0,"125":0,"126":0,"127":0,"128":0,"129":0,"130":0,"131":0,"132":0,"133":0,"134":0,"135":0,"136":0,"137":0,"138":0,"139":0,"140":0,"141":0,"142":0,"143":0},"f":{"0":1,"1":0,"2":0,"3":0,"4":0,"5":0,"6":0,"7":0,"8":0,"9":0,"10":0,"11":0,"12":0,"13":0,"14":0,"15":0,"16":0},"b":{"0":[1],"1":[0],"2":[0],"3":[0],"4":[0],"5":[0],"6":[0],"7":[0],"8":[0,0,0],"9":[0,0],"10":[0,0],"11":[0],"12":[0,0],"13":[0],"14":[0,0,0,0],"15":[0,0],"16":[0,0],"17":[0,0],"18":[0],"19":[0],"20":[0],"21":[0,0,0,0],"22":[0,0],"23":[0,0],"24":[0,0],"25":[0,0],"26":[0,0],"27":[0],"28":[0,0],"29":[0,0],"30":[0],"31":[0]}}
,"/Users/trent.brown/Code/iterm-mcp/src/SendControlCharacter.ts": {"path":"/Users/trent.brown/Code/iterm-mcp/src/SendControlCharacter.ts","statementMap":{"0":{"start":{"line":4,"column":20},"end":{"line":4,"column":35}},"1":{"start":{"line":10,"column":4},"end":{"line":10,"column":28}},"2":{"start":{"line":15,"column":4},"end":{"line":15,"column":31}},"3":{"start":{"line":22,"column":4},"end":{"line":40,"column":5}},"4":{"start":{"line":24,"column":6},"end":{"line":24,"column":23}},"5":{"start":{"line":27,"column":9},"end":{"line":40,"column":5}},"6":{"start":{"line":29,"column":6},"end":{"line":29,"column":23}},"7":{"start":{"line":33,"column":6},"end":{"line":33,"column":36}},"8":{"start":{"line":34,"column":6},"end":{"line":36,"column":7}},"9":{"start":{"line":35,"column":8},"end":{"line":35,"column":60}},"10":{"start":{"line":39,"column":6},"end":{"line":39,"column":46}},"11":{"start":{"line":43,"column":20},"end":{"line":52,"column":6}},"12":{"start":{"line":54,"column":4},"end":{"line":58,"column":5}},"13":{"start":{"line":55,"column":6},"end":{"line":55,"column":61}},"14":{"start":{"line":57,"column":6},"end":{"line":57,"column":87}}},"fnMap":{"0":{"name":"(anonymous_0)","decl":{"start":{"line":9,"column":2},"end":{"line":9,"column":14}},"loc":{"start":{"line":9,"column":40},"end":{"line":11,"column":3}}},"1":{"name":"(anonymous_1)","decl":{"start":{"line":14,"column":12},"end":{"line":14,"column":17}},"loc":{"start":{"line":14,"column":48},"end":{"line":16,"column":3}}},"2":{"name":"(anonymous_2)","decl":{"start":{"line":18,"column":2},"end":{"line":18,"column":7}},"loc":{"start":{"line":18,"column":27},"end":{"line":59,"column":3}}}},"branchMap":{"0":{"loc":{"start":{"line":9,"column":14},"end":{"line":9,"column":40}},"type":"default-arg","locations":[{"start":{"line":9,"column":32},"end":{"line":9,"column":40}}]},"1":{"loc":{"start":{"line":22,"column":4},"end":{"line":40,"column":5}},"type":"if","locations":[{"start":{"line":22,"column":4},"end":{"line":40,"column":5}},{"start":{"line":27,"column":9},"end":{"line":40,"column":5}}]},"2":{"loc":{"start":{"line":27,"column":9},"end":{"line":40,"column":5}},"type":"if","locations":[{"start":{"line":27,"column":9},"end":{"line":40,"column":5}},{"start":{"line":31,"column":9},"end":{"line":40,"column":5}}]},"3":{"loc":{"start":{"line":27,"column":13},"end":{"line":27,"column":80}},"type":"binary-expr","locations":[{"start":{"line":27,"column":13},"end":{"line":27,"column":46}},{"start":{"line":27,"column":50},"end":{"line":27,"column":80}}]},"4":{"loc":{"start":{"line":34,"column":6},"end":{"line":36,"column":7}},"type":"if","locations":[{"start":{"line":34,"column":6},"end":{"line":36,"column":7}}]}},"s":{"0":1,"1":6,"2":0,"3":7,"4":1,"5":6,"6":2,"7":4,"8":4,"9":1,"10":3,"11":6,"12":6,"13":6,"14":1},"f":{"0":6,"1":0,"2":7},"b":{"0":[0],"1":[1,6],"2":[2,4],"3":[6,5],"4":[1]}}
,"/Users/trent.brown/Code/iterm-mcp/src/TtyOutputReader.ts": {"path":"/Users/trent.brown/Code/iterm-mcp/src/TtyOutputReader.ts","statementMap":{"0":{"start":{"line":4,"column":20},"end":{"line":4,"column":35}},"1":{"start":{"line":10,"column":4},"end":{"line":10,"column":28}},"2":{"start":{"line":14,"column":19},"end":{"line":14,"column":46}},"3":{"start":{"line":15,"column":4},"end":{"line":17,"column":5}},"4":{"start":{"line":16,"column":6},"end":{"line":16,"column":20}},"5":{"start":{"line":18,"column":18},"end":{"line":18,"column":36}},"6":{"start":{"line":19,"column":4},"end":{"line":19,"column":54}},"7":{"start":{"line":23,"column":20},"end":{"line":33,"column":6}},"8":{"start":{"line":35,"column":37},"end":{"line":35,"column":83}},"9":{"start":{"line":36,"column":4},"end":{"line":36,"column":31}}},"fnMap":{"0":{"name":"(anonymous_0)","decl":{"start":{"line":9,"column":2},"end":{"line":9,"column":14}},"loc":{"start":{"line":9,"column":40},"end":{"line":11,"column":3}}},"1":{"name":"(anonymous_1)","decl":{"start":{"line":13,"column":2},"end":{"line":13,"column":7}},"loc":{"start":{"line":13,"column":35},"end":{"line":20,"column":3}}},"2":{"name":"(anonymous_2)","decl":{"start":{"line":22,"column":2},"end":{"line":22,"column":7}},"loc":{"start":{"line":22,"column":22},"end":{"line":37,"column":3}}}},"branchMap":{"0":{"loc":{"start":{"line":9,"column":14},"end":{"line":9,"column":40}},"type":"default-arg","locations":[{"start":{"line":9,"column":32},"end":{"line":9,"column":40}}]},"1":{"loc":{"start":{"line":15,"column":4},"end":{"line":17,"column":5}},"type":"if","locations":[{"start":{"line":15,"column":4},"end":{"line":17,"column":5}}]}},"s":{"0":1,"1":1,"2":0,"3":0,"4":0,"5":0,"6":0,"7":1,"8":1,"9":1},"f":{"0":1,"1":0,"2":1},"b":{"0":[0],"1":[0]}}
}
