TN:
SF:src/CommandExecutor.ts
FN:17,(anonymous_0)
FN:17,(anonymous_1)
FN:23,(anonymous_2)
FN:40,(anonymous_3)
FN:77,(anonymous_4)
FN:125,(anonymous_5)
FN:143,(anonymous_6)
FN:162,(anonymous_7)
FN:190,(anonymous_8)
FN:198,(anonymous_9)
FN:207,(anonymous_10)
FNF:11
FNH:8
FNDA:1,(anonymous_0)
FNDA:1,(anonymous_1)
FNDA:1,(anonymous_2)
FNDA:1,(anonymous_3)
FNDA:1,(anonymous_4)
FNDA:1,(anonymous_5)
FNDA:0,(anonymous_6)
FNDA:0,(anonymous_7)
FNDA:0,(anonymous_8)
FNDA:1,(anonymous_9)
FNDA:1,(anonymous_10)
DA:16,1
DA:17,1
DA:24,1
DA:25,1
DA:41,1
DA:43,1
DA:45,1
DA:48,0
DA:51,1
DA:55,1
DA:56,0
DA:60,1
DA:61,1
DA:62,0
DA:66,1
DA:69,1
DA:70,1
DA:71,1
DA:73,0
DA:79,1
DA:81,1
DA:82,0
DA:83,0
DA:85,0
DA:86,0
DA:87,0
DA:89,0
DA:91,0
DA:92,0
DA:93,0
DA:95,0
DA:99,0
DA:102,0
DA:105,1
DA:107,1
DA:108,0
DA:110,1
DA:127,1
DA:130,0
DA:134,1
DA:137,1
DA:140,1
DA:143,1
DA:144,0
DA:147,1
DA:164,0
DA:167,0
DA:169,0
DA:172,0
DA:175,0
DA:192,0
DA:199,1
DA:200,1
DA:201,1
DA:203,0
DA:208,1
DA:209,1
DA:210,1
DA:212,0
LF:59
LH:32
BRDA:23,0,0,0
BRDA:25,1,0,1
BRDA:25,1,1,0
BRDA:45,2,0,0
BRDA:45,2,1,1
BRDA:89,3,0,0
BRDA:91,4,0,0
BRDA:91,4,1,0
BRDA:93,5,0,0
BRDA:107,6,0,0
BRDA:127,7,0,0
BRF:11
BRH:2
end_of_record
TN:
SF:src/ProcessTracker.ts
FN:55,(anonymous_0)
FN:74,(anonymous_1)
FN:107,(anonymous_2)
FN:161,(anonymous_3)
FN:175,(anonymous_4)
FN:227,(anonymous_5)
FN:228,(anonymous_6)
FN:238,(anonymous_7)
FN:278,(anonymous_8)
FN:285,(anonymous_9)
FN:319,(anonymous_10)
FN:351,(anonymous_11)
FN:363,(anonymous_12)
FN:376,(anonymous_13)
FN:377,(anonymous_14)
FN:391,(anonymous_15)
FN:398,main
FNF:17
FNH:1
FNDA:1,(anonymous_0)
FNDA:0,(anonymous_1)
FNDA:0,(anonymous_2)
FNDA:0,(anonymous_3)
FNDA:0,(anonymous_4)
FNDA:0,(anonymous_5)
FNDA:0,(anonymous_6)
FNDA:0,(anonymous_7)
FNDA:0,(anonymous_8)
FNDA:0,(anonymous_9)
FNDA:0,(anonymous_10)
FNDA:0,(anonymous_11)
FNDA:0,(anonymous_12)
FNDA:0,(anonymous_13)
FNDA:0,(anonymous_14)
FNDA:0,(anonymous_15)
FNDA:0,main
DA:6,2
DA:46,2
DA:47,2
DA:56,1
DA:57,1
DA:58,1
DA:61,0
DA:62,0
DA:64,0
DA:65,0
DA:68,0
DA:69,0
DA:70,0
DA:74,0
DA:75,0
DA:76,0
DA:79,0
DA:80,0
DA:81,0
DA:84,0
DA:86,0
DA:100,1
DA:108,0
DA:110,0
DA:114,0
DA:115,0
DA:116,0
DA:119,0
DA:120,0
DA:123,0
DA:124,0
DA:125,0
DA:126,0
DA:138,0
DA:139,0
DA:144,0
DA:145,0
DA:146,0
DA:147,0
DA:151,0
DA:153,0
DA:154,0
DA:162,0
DA:163,0
DA:166,0
DA:168,0
DA:179,0
DA:180,0
DA:181,0
DA:184,0
DA:186,0
DA:187,0
DA:189,0
DA:190,0
DA:191,0
DA:193,0
DA:200,0
DA:201,0
DA:209,0
DA:215,0
DA:216,0
DA:221,0
DA:228,0
DA:229,0
DA:230,0
DA:231,0
DA:239,0
DA:240,0
DA:242,0
DA:246,0
DA:250,0
DA:254,0
DA:255,0
DA:260,0
DA:261,0
DA:267,0
DA:269,0
DA:272,0
DA:279,0
DA:289,0
DA:290,0
DA:291,0
DA:294,0
DA:295,0
DA:296,0
DA:298,0
DA:299,0
DA:302,0
DA:303,0
DA:304,0
DA:305,0
DA:307,0
DA:310,0
DA:313,0
DA:324,0
DA:325,0
DA:328,0
DA:329,0
DA:330,0
DA:332,0
DA:333,0
DA:334,0
DA:336,0
DA:337,0
DA:340,0
DA:341,0
DA:351,0
DA:353,0
DA:367,0
DA:368,0
DA:371,0
DA:372,0
DA:376,0
DA:377,0
DA:378,0
DA:379,0
DA:380,0
DA:384,0
DA:385,0
DA:392,0
DA:393,0
DA:399,0
DA:400,0
DA:402,0
DA:404,0
DA:405,0
DA:406,0
DA:407,0
DA:408,0
DA:409,0
DA:410,0
DA:413,0
DA:414,0
DA:415,0
DA:417,0
DA:418,0
DA:419,0
DA:420,0
DA:421,0
DA:422,0
DA:426,0
LF:141
LH:7
BRDA:57,0,0,1
BRDA:64,1,0,0
BRDA:69,2,0,0
BRDA:75,3,0,0
BRDA:115,4,0,0
BRDA:125,5,0,0
BRDA:146,6,0,0
BRDA:184,7,0,0
BRDA:184,8,0,0
BRDA:184,8,1,0
BRDA:184,8,2,0
BRDA:190,9,0,0
BRDA:190,9,1,0
BRDA:191,10,0,0
BRDA:191,10,1,0
BRDA:200,11,0,0
BRDA:210,12,0,0
BRDA:210,12,1,0
BRDA:215,13,0,0
BRDA:215,14,0,0
BRDA:215,14,1,0
BRDA:215,14,2,0
BRDA:215,14,3,0
BRDA:231,15,0,0
BRDA:231,15,1,0
BRDA:246,16,0,0
BRDA:246,16,1,0
BRDA:246,17,0,0
BRDA:246,17,1,0
BRDA:254,18,0,0
BRDA:260,19,0,0
BRDA:267,20,0,0
BRDA:267,21,0,0
BRDA:267,21,1,0
BRDA:267,21,2,0
BRDA:267,21,3,0
BRDA:298,22,0,0
BRDA:298,22,1,0
BRDA:302,23,0,0
BRDA:302,23,1,0
BRDA:302,24,0,0
BRDA:302,24,1,0
BRDA:304,25,0,0
BRDA:304,25,1,0
BRDA:304,26,0,0
BRDA:304,26,1,0
BRDA:340,27,0,0
BRDA:340,28,0,0
BRDA:340,28,1,0
BRDA:404,29,0,0
BRDA:404,29,1,0
BRDA:409,30,0,0
BRDA:417,31,0,0
BRF:53
BRH:1
end_of_record
TN:
SF:src/SendControlCharacter.ts
FN:9,(anonymous_0)
FN:14,(anonymous_1)
FN:18,(anonymous_2)
FNF:3
FNH:2
FNDA:6,(anonymous_0)
FNDA:0,(anonymous_1)
FNDA:7,(anonymous_2)
DA:4,1
DA:10,6
DA:15,0
DA:22,7
DA:24,1
DA:27,6
DA:29,2
DA:33,4
DA:34,4
DA:35,1
DA:39,3
DA:43,6
DA:54,6
DA:55,6
DA:57,1
LF:15
LH:14
BRDA:9,0,0,0
BRDA:22,1,0,1
BRDA:22,1,1,6
BRDA:27,2,0,2
BRDA:27,2,1,4
BRDA:27,3,0,6
BRDA:27,3,1,5
BRDA:34,4,0,1
BRF:8
BRH:7
end_of_record
TN:
SF:src/TtyOutputReader.ts
FN:9,(anonymous_0)
FN:13,(anonymous_1)
FN:22,(anonymous_2)
FNF:3
FNH:2
FNDA:1,(anonymous_0)
FNDA:0,(anonymous_1)
FNDA:1,(anonymous_2)
DA:4,1
DA:10,1
DA:14,0
DA:15,0
DA:16,0
DA:18,0
DA:19,0
DA:23,1
DA:35,1
DA:36,1
LF:10
LH:5
BRDA:9,0,0,0
BRDA:15,1,0,0
BRF:2
BRH:0
end_of_record
